2022-05-12 21:43:08.063  INFO 392 --- [restartedMain] b.a.AddressBookAppDevelopmentApplication : Starting AddressBookAppDevelopmentApplication using Java 17 on DESKTOP-CHVCRO7 with PID 392 (C:\Users\NEETA\Development\IdeaProjects\Day6Section4-AddressBookAppDevelopmentApplication\target\classes started by NEETA in C:\Users\NEETA\Development\IdeaProjects\Day6Section4-AddressBookAppDevelopmentApplication)
2022-05-12 21:43:08.064 DEBUG 392 --- [restartedMain] b.a.AddressBookAppDevelopmentApplication : Running with Spring Boot v2.6.7, Spring v5.3.19
2022-05-12 21:43:08.065  INFO 392 --- [restartedMain] b.a.AddressBookAppDevelopmentApplication : The following 1 profile is active: "dev"
2022-05-12 21:43:09.376  WARN 392 --- [restartedMain] com.zaxxer.hikari.util.DriverDataSource  : Registered driver with driverClassName=com.mysql.jdbc.Driver was not found, trying direct instantiation.
2022-05-12 21:43:09.711  WARN 392 --- [restartedMain] JpaBaseConfiguration$JpaWebConfiguration : spring.jpa.open-in-view is enabled by default. Therefore, database queries may be performed during view rendering. Explicitly configure spring.jpa.open-in-view to disable this warning
2022-05-12 21:43:09.909  WARN 392 --- [restartedMain] ion$DefaultTemplateResolverConfiguration : Cannot find template location: classpath:/templates/ (please add some templates or check your Thymeleaf configuration)
2022-05-12 21:43:09.999  INFO 392 --- [restartedMain] b.a.AddressBookAppDevelopmentApplication : Started AddressBookAppDevelopmentApplication in 2.227 seconds (JVM running for 3.029)
2022-05-12 21:43:10.001  INFO 392 --- [restartedMain] b.a.AddressBookAppDevelopmentApplication : Address Book App Started in DEV Environment
2022-05-12 21:43:10.002  INFO 392 --- [restartedMain] b.a.AddressBookAppDevelopmentApplication : Address Book App DB User is root
2022-05-12 21:51:18.945  INFO 10480 --- [restartedMain] b.a.AddressBookAppDevelopmentApplication : Starting AddressBookAppDevelopmentApplication using Java 17 on DESKTOP-CHVCRO7 with PID 10480 (C:\Users\NEETA\Development\IdeaProjects\Day6Section4-AddressBookAppDevelopmentApplication\target\classes started by NEETA in C:\Users\NEETA\Development\IdeaProjects\Day6Section4-AddressBookAppDevelopmentApplication)
2022-05-12 21:51:18.947 DEBUG 10480 --- [restartedMain] b.a.AddressBookAppDevelopmentApplication : Running with Spring Boot v2.6.7, Spring v5.3.19
2022-05-12 21:51:18.947  INFO 10480 --- [restartedMain] b.a.AddressBookAppDevelopmentApplication : The following 1 profile is active: "dev"
2022-05-12 21:51:20.299  WARN 10480 --- [restartedMain] com.zaxxer.hikari.util.DriverDataSource  : Registered driver with driverClassName=com.mysql.jdbc.Driver was not found, trying direct instantiation.
2022-05-12 21:51:20.650  WARN 10480 --- [restartedMain] JpaBaseConfiguration$JpaWebConfiguration : spring.jpa.open-in-view is enabled by default. Therefore, database queries may be performed during view rendering. Explicitly configure spring.jpa.open-in-view to disable this warning
2022-05-12 21:51:20.880  WARN 10480 --- [restartedMain] ion$DefaultTemplateResolverConfiguration : Cannot find template location: classpath:/templates/ (please add some templates or check your Thymeleaf configuration)
2022-05-12 21:51:20.969  INFO 10480 --- [restartedMain] b.a.AddressBookAppDevelopmentApplication : Started AddressBookAppDevelopmentApplication in 2.33 seconds (JVM running for 3.526)
2022-05-12 21:51:20.972  INFO 10480 --- [restartedMain] b.a.AddressBookAppDevelopmentApplication : Address Book App Started in DEV Environment
2022-05-12 21:51:20.973  INFO 10480 --- [restartedMain] b.a.AddressBookAppDevelopmentApplication : Address Book App DB User is root
2022-05-12 22:14:34.443  INFO 8668 --- [restartedMain] b.a.AddressBookAppDevelopmentApplication : Starting AddressBookAppDevelopmentApplication using Java 17 on DESKTOP-CHVCRO7 with PID 8668 (C:\Users\NEETA\Development\IdeaProjects\Day6Section4-AddressBookAppDevelopmentApplication\target\classes started by NEETA in C:\Users\NEETA\Development\IdeaProjects\Day6Section4-AddressBookAppDevelopmentApplication)
2022-05-12 22:14:34.444 DEBUG 8668 --- [restartedMain] b.a.AddressBookAppDevelopmentApplication : Running with Spring Boot v2.6.0, Spring v5.3.13
2022-05-12 22:14:34.445  INFO 8668 --- [restartedMain] b.a.AddressBookAppDevelopmentApplication : The following profiles are active: dev
2022-05-12 22:14:35.862  WARN 8668 --- [restartedMain] com.zaxxer.hikari.util.DriverDataSource  : Registered driver with driverClassName=com.mysql.jdbc.Driver was not found, trying direct instantiation.
2022-05-12 22:14:36.298  WARN 8668 --- [restartedMain] JpaBaseConfiguration$JpaWebConfiguration : spring.jpa.open-in-view is enabled by default. Therefore, database queries may be performed during view rendering. Explicitly configure spring.jpa.open-in-view to disable this warning
2022-05-12 22:14:36.501  WARN 8668 --- [restartedMain] ion$DefaultTemplateResolverConfiguration : Cannot find template location: classpath:/templates/ (please add some templates or check your Thymeleaf configuration)
2022-05-12 22:14:36.596  INFO 8668 --- [restartedMain] b.a.AddressBookAppDevelopmentApplication : Started AddressBookAppDevelopmentApplication in 2.481 seconds (JVM running for 3.102)
2022-05-12 22:14:36.596  INFO 8668 --- [restartedMain] b.a.AddressBookAppDevelopmentApplication : Address Book App Started in DEV Environment
2022-05-12 22:14:36.612  INFO 8668 --- [restartedMain] b.a.AddressBookAppDevelopmentApplication : Address Book App DB User is root
2022-05-12 22:38:47.374  INFO 3268 --- [restartedMain] b.a.AddressBookAppDevelopmentApplication : Starting AddressBookAppDevelopmentApplication using Java 17 on DESKTOP-CHVCRO7 with PID 3268 (C:\Users\NEETA\Development\IdeaProjects\Day6Section4-AddressBookAppDevelopmentApplication\target\classes started by NEETA in C:\Users\NEETA\Development\IdeaProjects\Day6Section4-AddressBookAppDevelopmentApplication)
2022-05-12 22:38:47.377 DEBUG 3268 --- [restartedMain] b.a.AddressBookAppDevelopmentApplication : Running with Spring Boot v2.6.0, Spring v5.3.13
2022-05-12 22:38:47.377  INFO 3268 --- [restartedMain] b.a.AddressBookAppDevelopmentApplication : The following profiles are active: dev
2022-05-12 22:38:48.938  WARN 3268 --- [restartedMain] com.zaxxer.hikari.util.DriverDataSource  : Registered driver with driverClassName=com.mysql.jdbc.Driver was not found, trying direct instantiation.
2022-05-12 22:38:49.323  WARN 3268 --- [restartedMain] JpaBaseConfiguration$JpaWebConfiguration : spring.jpa.open-in-view is enabled by default. Therefore, database queries may be performed during view rendering. Explicitly configure spring.jpa.open-in-view to disable this warning
2022-05-12 22:38:49.538  WARN 3268 --- [restartedMain] ion$DefaultTemplateResolverConfiguration : Cannot find template location: classpath:/templates/ (please add some templates or check your Thymeleaf configuration)
2022-05-12 22:38:49.626  INFO 3268 --- [restartedMain] b.a.AddressBookAppDevelopmentApplication : Started AddressBookAppDevelopmentApplication in 2.544 seconds (JVM running for 3.151)
2022-05-12 22:38:49.626  INFO 3268 --- [restartedMain] b.a.AddressBookAppDevelopmentApplication : Address Book App Started in DEV Environment
2022-05-12 22:38:49.626  INFO 3268 --- [restartedMain] b.a.AddressBookAppDevelopmentApplication : Address Book App DB User is root
